<?xml version="1.0" encoding="utf-8"?><testsuites><testsuite name="pytest" errors="0" failures="0" skipped="0" tests="31" time="2.220" timestamp="2022-11-20T22:06:41.581428" hostname="fv-az318-196"><testcase classname="tests.test_quantity.QuantityTest" name="test_add_quantities" time="0.045" /><testcase classname="tests.test_quantity.QuantityTest" name="test_compare_against_non_quantity" time="0.044" /><testcase classname="tests.test_quantity.QuantityTest" name="test_complex_unit_conversion" time="0.048" /><testcase classname="tests.test_quantity.QuantityTest" name="test_create_types_by_multiplication" time="0.050" /><testcase classname="tests.test_quantity.QuantityTest" name="test_list_types" time="0.075" /><testcase classname="tests.test_quantity.QuantityTest" name="test_m_as" time="0.052" /><testcase classname="tests.test_quantity.QuantityTest" name="test_mix_quantities_and_units" time="0.046" /><testcase classname="tests.test_quantity.QuantityTest" name="test_no_string_instantiation" time="0.047" /><testcase classname="tests.test_quantity.QuantityTest" name="test_simple_unit_conversion" time="0.079" /><testcase classname="tests.test_registry.RegistryTest" name="test_compound_unit_aliasing" time="0.047" /><testcase classname="tests.test_registry.RegistryTest" name="test_create_quantities_from_string" time="0.053" /><testcase classname="tests.test_registry.RegistryTest" name="test_create_registry" time="0.095" /><testcase classname="tests.test_registry.RegistryTest" name="test_create_types_by_multiplication" time="0.078" /><testcase classname="tests.test_registry.RegistryTest" name="test_create_units_from_string" time="0.043" /><testcase classname="tests.test_registry.RegistryTest" name="test_create_units_linked_to_registry" time="0.086" /><testcase classname="tests.test_registry.RegistryTest" name="test_scaled_complex_units" time="0.113" /><testcase classname="tests.test_registry.RegistryTest" name="test_scaled_dimensionless_units" time="0.085" /><testcase classname="tests.test_registry.RegistryTest" name="test_serialisation_to_from_string" time="0.043" /><testcase classname="tests.test_registry.RegistryTest" name="test_simple_unit_conversion" time="0.044" /><testcase classname="tests.test_registry.RegistryTest" name="test_string_parser_data_types" time="0.082" /><testcase classname="tests.test_unit.BaseUnitTest" name="test_base_unit_equality" time="0.043" /><testcase classname="tests.test_unit.UnitTest" name="test_conversion_factor" time="0.043" /><testcase classname="tests.test_unit.UnitTest" name="test_derived_unit_conversion" time="0.047" /><testcase classname="tests.test_unit.UnitTest" name="test_dimensionality" time="0.051" /><testcase classname="tests.test_unit.UnitTest" name="test_dimensionality_check" time="0.086" /><testcase classname="tests.test_unit.UnitTest" name="test_dimensionless_unit" time="0.051" /><testcase classname="tests.test_unit.UnitTest" name="test_equality" time="0.050" /><testcase classname="tests.test_unit.UnitTest" name="test_power_operator" time="0.050" /><testcase classname="tests.test_unit.UnitTest" name="test_simplify" time="0.051" /><testcase classname="tests.test_unit.UnitTest" name="test_unit_arithmetic" time="0.080" /><testcase classname="tests.test_unit.UnitTest" name="test_unit_names" time="0.042" /></testsuite></testsuites>